geomapfish.Rudaz	instances-users-1	RUN	1437723746135	 	2.0
RudazSimulation	6364405405386259656-0	USER	START	1437723746663	0
RudazSimulation	6364405405386259656-0	REQUEST		index	1437723746759	1437723746763	1437723756538	1437723756539	OK	 
RudazSimulation	6364405405386259656-0	REQUEST		mapserv_GetMap	1437723756784	1437723756785	1437723757850	1437723757851	OK	 
RudazSimulation	6364405405386259656-0	REQUEST		mapserv_GetMap	1437723757854	1437723757855	1437723757970	1437723757970	OK	 
RudazSimulation	6364405405386259656-0	REQUEST		static	1437723765777	1437723765777	1437723765841	1437723765841	OK	 
RudazSimulation	6364405405386259656-0	REQUEST		static	1437723765847	1437723765848	1437723765862	1437723765862	OK	 
RudazSimulation	6364405405386259656-0	REQUEST		mapserv_GetMap	1437723766885	1437723766886	1437723766987	1437723766987	OK	 
RudazSimulation	6364405405386259656-0	REQUEST		mapserv_GetMap	1437723766988	1437723766989	1437723767083	1437723767083	OK	 
RudazSimulation	6364405405386259656-0	REQUEST		mapserv_GetMap	1437723767085	1437723767087	1437723767107	1437723767107	OK	 
RudazSimulation	6364405405386259656-0	REQUEST		mapserv_GetMap	1437723767109	1437723767109	1437723767240	1437723767240	OK	 
RudazSimulation	6364405405386259656-0	REQUEST		mapserv_GetMap	1437723767242	1437723767243	1437723767362	1437723767362	OK	 
RudazSimulation	6364405405386259656-0	REQUEST		mapserv_GetMap	1437723768384	1437723768385	1437723768740	1437723768740	OK	 
RudazSimulation	6364405405386259656-0	REQUEST		static	1437723770756	1437723770757	1437723770796	1437723770796	OK	 
RudazSimulation	6364405405386259656-0	REQUEST		fulltextsearch	1437723770798	1437723770799	1437723771136	1437723771136	OK	 
RudazSimulation	6364405405386259656-0	REQUEST		fulltextsearch	1437723772158	1437723772159	1437723772264	1437723772264	OK	 
RudazSimulation	6364405405386259656-0	REQUEST		fulltextsearch	1437723773281	1437723773281	1437723773292	1437723773292	OK	 
RudazSimulation	6364405405386259656-0	REQUEST		fulltextsearch	1437723774313	1437723774314	1437723774324	1437723774324	OK	 
RudazSimulation	6364405405386259656-0	REQUEST		fulltextsearch	1437723775323	1437723775324	1437723775527	1437723775527	OK	 
RudazSimulation	6364405405386259656-0	REQUEST		static	1437723777546	1437723777547	1437723777568	1437723777568	OK	 
RudazSimulation	6364405405386259656-0	REQUEST		mapserv_GetMap	1437723777569	1437723777570	1437723777671	1437723777671	OK	 
RudazSimulation	6364405405386259656-0	REQUEST		static	1437723786683	1437723786684	1437723786730	1437723786730	OK	 
RudazSimulation	6364405405386259656-0	REQUEST		mapserv_GetLegendGraphic	1437723786732	1437723786732	1437723786783	1437723786785	OK	 
RudazSimulation	6364405405386259656-0	REQUEST		static	1437723786789	1437723786789	1437723786802	1437723786802	OK	 
RudazSimulation	6364405405386259656-0	REQUEST		mapserv_GetLegendGraphic	1437723786814	1437723786815	1437723786837	1437723786837	OK	 
RudazSimulation	6364405405386259656-0	REQUEST		mapserv_GetLegendGraphic	1437723786852	1437723786853	1437723786873	1437723786873	OK	 
RudazSimulation	6364405405386259656-0	REQUEST		mapserv_GetLegendGraphic	1437723786883	1437723786884	1437723786931	1437723786931	OK	 
RudazSimulation	6364405405386259656-0	REQUEST		mapserv_GetMap	1437723788939	1437723788940	1437723789034	1437723789034	OK	 
RudazSimulation	6364405405386259656-0	REQUEST		mapserv_GetMap	1437723790040	1437723790041	1437723790129	1437723790129	OK	 
RudazSimulation	6364405405386259656-0	REQUEST		mapserv_GetLegendGraphic	1437723790132	1437723790133	1437723790157	1437723790157	OK	 
RudazSimulation	6364405405386259656-0	REQUEST		mapserv_GetMap	1437723790159	1437723790161	1437723790247	1437723790247	OK	 
RudazSimulation	6364405405386259656-0	REQUEST		mapserv_GetLegendGraphic	1437723791251	1437723791251	1437723791287	1437723791287	OK	 
RudazSimulation	6364405405386259656-0	REQUEST		mapserv_GetLegendGraphic	1437723791298	1437723791298	1437723791318	1437723791318	OK	 
RudazSimulation	6364405405386259656-0	REQUEST		mapserv_GetLegendGraphic	1437723791328	1437723791329	1437723791353	1437723791353	OK	 
RudazSimulation	6364405405386259656-0	REQUEST		mapserv_GetLegendGraphic	1437723791361	1437723791362	1437723791385	1437723791385	OK	 
RudazSimulation	6364405405386259656-0	REQUEST		mapserv_GetMap	1437723791386	1437723791386	1437723791495	1437723791495	OK	 
RudazSimulation	6364405405386259656-0	REQUEST		mapserv_GetMap	1437723791498	1437723791498	1437723791619	1437723791619	OK	 
RudazSimulation	6364405405386259656-0	REQUEST		mapserv_GetMap	1437723791621	1437723791622	1437723791728	1437723791728	OK	 
RudazSimulation	6364405405386259656-0	REQUEST		mapserv_GetMap	1437723791730	1437723791731	1437723791829	1437723791829	OK	 
RudazSimulation	6364405405386259656-0	REQUEST		mapserv_GetMap	1437723793819	1437723793819	1437723793913	1437723793913	OK	 
RudazSimulation	6364405405386259656-0	REQUEST		mapserv_GetLegendGraphic	1437723794931	1437723794932	1437723794956	1437723794956	OK	 
RudazSimulation	6364405405386259656-0	REQUEST		mapserv_GetLegendGraphic	1437723794963	1437723794964	1437723794983	1437723794983	OK	 
RudazSimulation	6364405405386259656-0	REQUEST		mapserv_GetLegendGraphic	1437723794995	1437723794996	1437723795015	1437723795015	OK	 
RudazSimulation	6364405405386259656-0	REQUEST		mapserv_GetMap	1437723795017	1437723795018	1437723795134	1437723795135	OK	 
RudazSimulation	6364405405386259656-0	REQUEST		mapserv_GetLegendGraphic	1437723795150	1437723795150	1437723795175	1437723795175	OK	 
RudazSimulation	6364405405386259656-0	REQUEST		short	1437723797175	1437723797175	1437723797265	1437723797265	OK	 
RudazSimulation	6364405405386259656-0	REQUEST		mapserv_GetMap	1437723806286	1437723806286	1437723806411	1437723806411	OK	 
RudazSimulation	6364405405386259656-0	REQUEST		mapserv_GetMap	1437723806413	1437723806413	1437723806544	1437723806544	OK	 
RudazSimulation	6364405405386259656-0	REQUEST		mapserv_GetMap	1437723806545	1437723806546	1437723806635	1437723806635	OK	 
RudazSimulation	6364405405386259656-0	REQUEST		mapserv_GetMap	1437723806638	1437723806638	1437723806659	1437723806659	OK	 
RudazSimulation	6364405405386259656-0	REQUEST		mapserv_GetMap	1437723806661	1437723806662	1437723806755	1437723806755	OK	 
RudazSimulation	6364405405386259656-0	REQUEST		mapserv_GetMap	1437723807758	1437723807759	1437723807859	1437723807859	OK	 
RudazSimulation	6364405405386259656-0	REQUEST		static	1437723809863	1437723809863	1437723809873	1437723809873	OK	 
RudazSimulation	6364405405386259656-0	REQUEST		fulltextsearch	1437723809875	1437723809875	1437723809899	1437723809899	OK	 
RudazSimulation	6364405405386259656-0	REQUEST		fulltextsearch	1437723810915	1437723810915	1437723810927	1437723810927	OK	 
RudazSimulation	6364405405386259656-0	REQUEST		fulltextsearch	1437723811944	1437723811945	1437723812008	1437723812008	OK	 
RudazSimulation	6364405405386259656-0	REQUEST		fulltextsearch	1437723813010	1437723813011	1437723813035	1437723813035	OK	 
RudazSimulation	6364405405386259656-0	REQUEST		fulltextsearch	1437723814051	1437723814051	1437723814065	1437723814065	OK	 
RudazSimulation	6364405405386259656-0	REQUEST		static	1437723816069	1437723816070	1437723816079	1437723816079	OK	 
RudazSimulation	6364405405386259656-0	REQUEST		mapserv_GetMap	1437723816081	1437723816081	1437723816205	1437723816205	OK	 
RudazSimulation	6364405405386259656-0	REQUEST		static	1437723825210	1437723825210	1437723825225	1437723825225	OK	 
RudazSimulation	6364405405386259656-0	REQUEST		mapserv_GetLegendGraphic	1437723825226	1437723825227	1437723825250	1437723825250	OK	 
RudazSimulation	6364405405386259656-0	REQUEST		static	1437723825252	1437723825252	1437723825258	1437723825258	OK	 
RudazSimulation	6364405405386259656-0	REQUEST		mapserv_GetLegendGraphic	1437723825265	1437723825266	1437723825286	1437723825286	OK	 
RudazSimulation	6364405405386259656-0	REQUEST		mapserv_GetLegendGraphic	1437723825304	1437723825305	1437723825324	1437723825324	OK	 
RudazSimulation	6364405405386259656-0	REQUEST		mapserv_GetMap	1437723827330	1437723827331	1437723827352	1437723827352	OK	 
RudazSimulation	6364405405386259656-0	REQUEST		mapserv_GetMap	1437723828374	1437723828374	1437723828509	1437723828509	OK	 
RudazSimulation	6364405405386259656-0	REQUEST		mapserv_GetLegendGraphic	1437723828511	1437723828512	1437723828612	1437723828612	OK	 
RudazSimulation	6364405405386259656-0	REQUEST		mapserv_GetMap	1437723828614	1437723828615	1437723828729	1437723828729	OK	 
RudazSimulation	6364405405386259656-0	REQUEST		mapserv_GetLegendGraphic	1437723829734	1437723829734	1437723829755	1437723829755	OK	 
RudazSimulation	6364405405386259656-0	REQUEST		mapserv_GetLegendGraphic	1437723829765	1437723829766	1437723829788	1437723829788	OK	 
RudazSimulation	6364405405386259656-0	REQUEST		mapserv_GetLegendGraphic	1437723829800	1437723829800	1437723829824	1437723829824	OK	 
RudazSimulation	6364405405386259656-0	REQUEST		mapserv_GetLegendGraphic	1437723829832	1437723829832	1437723829857	1437723829857	OK	 
RudazSimulation	6364405405386259656-0	REQUEST		mapserv_GetMap	1437723829859	1437723829859	1437723829960	1437723829960	OK	 
RudazSimulation	6364405405386259656-0	REQUEST		mapserv_GetMap	1437723829962	1437723829962	1437723830079	1437723830079	OK	 
RudazSimulation	6364405405386259656-0	REQUEST		mapserv_GetMap	1437723830080	1437723830080	1437723830187	1437723830187	OK	 
RudazSimulation	6364405405386259656-0	REQUEST		mapserv_GetMap	1437723830188	1437723830189	1437723830268	1437723830268	OK	 
RudazSimulation	6364405405386259656-0	REQUEST		mapserv_GetMap	1437723832274	1437723832274	1437723832370	1437723832370	OK	 
RudazSimulation	6364405405386259656-0	REQUEST		mapserv_GetLegendGraphic	1437723833368	1437723833369	1437723833394	1437723833395	OK	 
RudazSimulation	6364405405386259656-0	REQUEST		mapserv_GetLegendGraphic	1437723833407	1437723833407	1437723833429	1437723833429	OK	 
RudazSimulation	6364405405386259656-0	REQUEST		mapserv_GetLegendGraphic	1437723833435	1437723833436	1437723833464	1437723833464	OK	 
RudazSimulation	6364405405386259656-0	REQUEST		mapserv_GetMap	1437723833465	1437723833465	1437723833562	1437723833562	OK	 
RudazSimulation	6364405405386259656-0	REQUEST		mapserv_GetLegendGraphic	1437723833572	1437723833572	1437723833594	1437723833594	OK	 
RudazSimulation	6364405405386259656-0	REQUEST		short	1437723835603	1437723835603	1437723835649	1437723835649	OK	 
RudazSimulation	6364405405386259656-0	REQUEST		mapserv_GetMap	1437723844656	1437723844656	1437723844680	1437723844680	OK	 
RudazSimulation	6364405405386259656-0	REQUEST		mapserv_GetMap	1437723844682	1437723844682	1437723844789	1437723844789	OK	 
RudazSimulation	6364405405386259656-0	REQUEST		mapserv_GetMap	1437723844791	1437723844791	1437723844891	1437723844891	OK	 
RudazSimulation	6364405405386259656-0	REQUEST		mapserv_GetMap	1437723844893	1437723844893	1437723845000	1437723845000	OK	 
RudazSimulation	6364405405386259656-0	REQUEST		mapserv_GetMap	1437723845002	1437723845002	1437723845109	1437723845109	OK	 
RudazSimulation	6364405405386259656-0	REQUEST		mapserv_GetMap	1437723846119	1437723846119	1437723846225	1437723846225	OK	 
RudazSimulation	6364405405386259656-0	REQUEST		static	1437723848230	1437723848231	1437723848239	1437723848239	OK	 
RudazSimulation	6364405405386259656-0	REQUEST		fulltextsearch	1437723848240	1437723848241	1437723848252	1437723848252	OK	 
RudazSimulation	6364405405386259656-0	REQUEST		fulltextsearch	1437723849273	1437723849273	1437723849285	1437723849285	OK	 
RudazSimulation	6364405405386259656-0	REQUEST		fulltextsearch	1437723850288	1437723850288	1437723850299	1437723850299	OK	 
RudazSimulation	6364405405386259656-0	REQUEST		fulltextsearch	1437723851297	1437723851297	1437723851307	1437723851307	OK	 
RudazSimulation	6364405405386259656-0	REQUEST		fulltextsearch	1437723852318	1437723852319	1437723852329	1437723852329	OK	 
RudazSimulation	6364405405386259656-0	REQUEST		static	1437723854338	1437723854339	1437723854346	1437723854346	OK	 
RudazSimulation	6364405405386259656-0	REQUEST		mapserv_GetMap	1437723854347	1437723854348	1437723854428	1437723854428	OK	 
RudazSimulation	6364405405386259656-0	REQUEST		static	1437723863427	1437723863427	1437723863436	1437723863436	OK	 
RudazSimulation	6364405405386259656-0	REQUEST		mapserv_GetLegendGraphic	1437723863437	1437723863437	1437723863457	1437723863457	OK	 
RudazSimulation	6364405405386259656-0	REQUEST		static	1437723863459	1437723863459	1437723863465	1437723863465	OK	 
RudazSimulation	6364405405386259656-0	REQUEST		mapserv_GetLegendGraphic	1437723863468	1437723863469	1437723863489	1437723863489	OK	 
RudazSimulation	6364405405386259656-0	REQUEST		mapserv_GetLegendGraphic	1437723863494	1437723863496	1437723863522	1437723863522	OK	 
RudazSimulation	6364405405386259656-0	REQUEST		mapserv_GetLegendGraphic	1437723863527	1437723863527	1437723863623	1437723863623	OK	 
RudazSimulation	6364405405386259656-0	REQUEST		mapserv_GetMap	1437723865626	1437723865626	1437723865647	1437723865647	OK	 
RudazSimulation	6364405405386259656-0	REQUEST		mapserv_GetMap	1437723866654	1437723866655	1437723866753	1437723866753	OK	 
RudazSimulation	6364405405386259656-0	REQUEST		mapserv_GetLegendGraphic	1437723866754	1437723866754	1437723866831	1437723866831	OK	 
RudazSimulation	6364405405386259656-0	REQUEST		mapserv_GetMap	1437723866833	1437723866834	1437723866854	1437723866854	OK	 
RudazSimulation	6364405405386259656-0	REQUEST		mapserv_GetLegendGraphic	1437723867854	1437723867854	1437723867876	1437723867876	OK	 
RudazSimulation	6364405405386259656-0	REQUEST		mapserv_GetLegendGraphic	1437723867879	1437723867879	1437723867899	1437723867899	OK	 
RudazSimulation	6364405405386259656-0	REQUEST		mapserv_GetLegendGraphic	1437723867903	1437723867904	1437723867942	1437723867942	OK	 
RudazSimulation	6364405405386259656-0	REQUEST		mapserv_GetLegendGraphic	1437723867948	1437723867948	1437723867988	1437723867988	OK	 
RudazSimulation	6364405405386259656-0	REQUEST		mapserv_GetMap	1437723867989	1437723867990	1437723868107	1437723868107	OK	 
RudazSimulation	6364405405386259656-0	REQUEST		mapserv_GetMap	1437723868108	1437723868108	1437723868207	1437723868207	OK	 
RudazSimulation	6364405405386259656-0	REQUEST		mapserv_GetMap	1437723868208	1437723868209	1437723868304	1437723868304	OK	 
RudazSimulation	6364405405386259656-0	REQUEST		mapserv_GetMap	1437723868305	1437723868306	1437723868411	1437723868411	OK	 
RudazSimulation	6364405405386259656-0	REQUEST		mapserv_GetMap	1437723870406	1437723870406	1437723870508	1437723870508	OK	 
RudazSimulation	6364405405386259656-0	REQUEST		mapserv_GetLegendGraphic	1437723871517	1437723871518	1437723871537	1437723871537	OK	 
RudazSimulation	6364405405386259656-0	REQUEST		mapserv_GetLegendGraphic	1437723871541	1437723871542	1437723871557	1437723871557	OK	 
RudazSimulation	6364405405386259656-0	REQUEST		mapserv_GetLegendGraphic	1437723871561	1437723871561	1437723871587	1437723871587	OK	 
RudazSimulation	6364405405386259656-0	REQUEST		mapserv_GetMap	1437723871588	1437723871588	1437723871604	1437723871604	OK	 
RudazSimulation	6364405405386259656-0	REQUEST		mapserv_GetLegendGraphic	1437723871608	1437723871608	1437723871630	1437723871630	OK	 
RudazSimulation	6364405405386259656-0	REQUEST		short	1437723873623	1437723873623	1437723873651	1437723873651	OK	 
RudazSimulation	6364405405386259656-0	REQUEST		mapserv_GetMap	1437723882658	1437723882658	1437723882766	1437723882766	OK	 
RudazSimulation	6364405405386259656-0	REQUEST		mapserv_GetMap	1437723882767	1437723882768	1437723882859	1437723882859	OK	 
RudazSimulation	6364405405386259656-0	REQUEST		mapserv_GetMap	1437723882861	1437723882861	1437723882956	1437723882956	OK	 
RudazSimulation	6364405405386259656-0	REQUEST		mapserv_GetMap	1437723882957	1437723882958	1437723883059	1437723883059	OK	 
RudazSimulation	6364405405386259656-0	REQUEST		mapserv_GetMap	1437723883060	1437723883060	1437723883155	1437723883155	OK	 
RudazSimulation	6364405405386259656-0	REQUEST		mapserv_GetMap	1437723884155	1437723884155	1437723884267	1437723884267	OK	 
RudazSimulation	6364405405386259656-0	REQUEST		static	1437723886278	1437723886279	1437723886289	1437723886289	OK	 
RudazSimulation	6364405405386259656-0	REQUEST		fulltextsearch	1437723886290	1437723886290	1437723886307	1437723886307	OK	 
RudazSimulation	6364405405386259656-0	REQUEST		fulltextsearch	1437723887305	1437723887305	1437723887325	1437723887325	OK	 
RudazSimulation	6364405405386259656-0	REQUEST		fulltextsearch	1437723888335	1437723888335	1437723888353	1437723888353	OK	 
RudazSimulation	6364405405386259656-0	REQUEST		fulltextsearch	1437723889356	1437723889356	1437723889379	1437723889379	OK	 
RudazSimulation	6364405405386259656-0	REQUEST		fulltextsearch	1437723890374	1437723890374	1437723890386	1437723890386	OK	 
RudazSimulation	6364405405386259656-0	REQUEST		static	1437723892395	1437723892395	1437723892403	1437723892403	OK	 
RudazSimulation	6364405405386259656-0	REQUEST		mapserv_GetMap	1437723892405	1437723892405	1437723892428	1437723892428	OK	 
RudazSimulation	6364405405386259656-0	REQUEST		static	1437723901434	1437723901435	1437723901443	1437723901443	OK	 
RudazSimulation	6364405405386259656-0	REQUEST		mapserv_GetLegendGraphic	1437723901445	1437723901445	1437723901468	1437723901468	OK	 
RudazSimulation	6364405405386259656-0	REQUEST		static	1437723901470	1437723901470	1437723901477	1437723901477	OK	 
RudazSimulation	6364405405386259656-0	REQUEST		mapserv_GetLegendGraphic	1437723901481	1437723901481	1437723901501	1437723901501	OK	 
RudazSimulation	6364405405386259656-0	REQUEST		mapserv_GetLegendGraphic	1437723901505	1437723901505	1437723901526	1437723901526	OK	 
RudazSimulation	6364405405386259656-0	REQUEST		mapserv_GetLegendGraphic	1437723901531	1437723901532	1437723901551	1437723901551	OK	 
RudazSimulation	6364405405386259656-0	REQUEST		mapserv_GetMap	1437723903556	1437723903556	1437723903669	1437723903669	OK	 
RudazSimulation	6364405405386259656-0	REQUEST		mapserv_GetMap	1437723904665	1437723904665	1437723904775	1437723904775	OK	 
RudazSimulation	6364405405386259656-0	REQUEST		mapserv_GetLegendGraphic	1437723904776	1437723904777	1437723904796	1437723904796	OK	 
RudazSimulation	6364405405386259656-0	REQUEST		mapserv_GetMap	1437723904798	1437723904798	1437723904898	1437723904898	OK	 
RudazSimulation	6364405405386259656-0	REQUEST		mapserv_GetLegendGraphic	1437723905897	1437723905897	1437723905921	1437723905921	OK	 
RudazSimulation	6364405405386259656-0	REQUEST		mapserv_GetLegendGraphic	1437723905925	1437723905925	1437723905955	1437723905955	OK	 
RudazSimulation	6364405405386259656-0	REQUEST		mapserv_GetLegendGraphic	1437723905962	1437723905962	1437723905983	1437723905983	OK	 
RudazSimulation	6364405405386259656-0	REQUEST		mapserv_GetLegendGraphic	1437723905987	1437723905987	1437723906012	1437723906012	OK	 
RudazSimulation	6364405405386259656-0	REQUEST		mapserv_GetMap	1437723906013	1437723906013	1437723906111	1437723906111	OK	 
RudazSimulation	6364405405386259656-0	REQUEST		mapserv_GetMap	1437723906112	1437723906113	1437723906237	1437723906237	OK	 
RudazSimulation	6364405405386259656-0	REQUEST		mapserv_GetMap	1437723906239	1437723906239	1437723906341	1437723906341	OK	 
RudazSimulation	6364405405386259656-0	REQUEST		mapserv_GetMap	1437723906343	1437723906343	1437723906370	1437723906370	OK	 
RudazSimulation	6364405405386259656-0	REQUEST		mapserv_GetMap	1437723908365	1437723908365	1437723908461	1437723908461	OK	 
RudazSimulation	6364405405386259656-0	REQUEST		mapserv_GetLegendGraphic	1437723909475	1437723909476	1437723909504	1437723909504	OK	 
RudazSimulation	6364405405386259656-0	REQUEST		mapserv_GetLegendGraphic	1437723909508	1437723909508	1437723909537	1437723909537	OK	 
RudazSimulation	6364405405386259656-0	REQUEST		mapserv_GetLegendGraphic	1437723909540	1437723909541	1437723909564	1437723909564	OK	 
RudazSimulation	6364405405386259656-0	REQUEST		mapserv_GetMap	1437723909566	1437723909566	1437723909660	1437723909660	OK	 
RudazSimulation	6364405405386259656-0	REQUEST		mapserv_GetLegendGraphic	1437723909663	1437723909664	1437723909690	1437723909690	OK	 
RudazSimulation	6364405405386259656-0	REQUEST		short	1437723911683	1437723911683	1437723911724	1437723911724	OK	 
RudazSimulation	6364405405386259656-0	REQUEST		mapserv_GetMap	1437723920762	1437723920762	1437723920865	1437723920865	OK	 
RudazSimulation	6364405405386259656-0	REQUEST		mapserv_GetMap	1437723920866	1437723920867	1437723920967	1437723920967	OK	 
RudazSimulation	6364405405386259656-0	REQUEST		mapserv_GetMap	1437723920969	1437723920969	1437723921070	1437723921070	OK	 
RudazSimulation	6364405405386259656-0	REQUEST		mapserv_GetMap	1437723921071	1437723921072	1437723921165	1437723921165	OK	 
RudazSimulation	6364405405386259656-0	REQUEST		mapserv_GetMap	1437723921167	1437723921167	1437723921265	1437723921265	OK	 
RudazSimulation	6364405405386259656-0	REQUEST		mapserv_GetMap	1437723922258	1437723922258	1437723922338	1437723922338	OK	 
RudazSimulation	6364405405386259656-0	REQUEST		static	1437723924345	1437723924345	1437723924357	1437723924357	OK	 
RudazSimulation	6364405405386259656-0	REQUEST		fulltextsearch	1437723924358	1437723924359	1437723924379	1437723924379	OK	 
RudazSimulation	6364405405386259656-0	REQUEST		fulltextsearch	1437723925378	1437723925378	1437723925390	1437723925390	OK	 
RudazSimulation	6364405405386259656-0	REQUEST		fulltextsearch	1437723926394	1437723926394	1437723926415	1437723926415	OK	 
RudazSimulation	6364405405386259656-0	REQUEST		fulltextsearch	1437723927424	1437723927425	1437723927437	1437723927437	OK	 
RudazSimulation	6364405405386259656-0	REQUEST		fulltextsearch	1437723928435	1437723928435	1437723928459	1437723928459	OK	 
RudazSimulation	6364405405386259656-0	REQUEST		static	1437723930467	1437723930467	1437723930474	1437723930474	OK	 
RudazSimulation	6364405405386259656-0	REQUEST		mapserv_GetMap	1437723930476	1437723930476	1437723930569	1437723930569	OK	 
RudazSimulation	6364405405386259656-0	REQUEST		static	1437723939564	1437723939565	1437723939578	1437723939578	OK	 
RudazSimulation	6364405405386259656-0	REQUEST		static	1437723939580	1437723939580	1437723939587	1437723939587	OK	 
RudazSimulation	6364405405386259656-0	REQUEST		mapserv_GetLegendGraphic	1437723939590	1437723939591	1437723939610	1437723939610	OK	 
RudazSimulation	6364405405386259656-0	REQUEST		mapserv_GetLegendGraphic	1437723939616	1437723939617	1437723939633	1437723939633	OK	 
RudazSimulation	6364405405386259656-0	REQUEST		mapserv_GetLegendGraphic	1437723939637	1437723939637	1437723939676	1437723939676	OK	 
RudazSimulation	6364405405386259656-0	REQUEST		mapserv_GetMap	1437723941684	1437723941684	1437723941798	1437723941798	OK	 
RudazSimulation	6364405405386259656-0	REQUEST		mapserv_GetMap	1437723942797	1437723942798	1437723942905	1437723942905	OK	 
RudazSimulation	6364405405386259656-0	REQUEST		mapserv_GetLegendGraphic	1437723942907	1437723942908	1437723943002	1437723943002	OK	 
RudazSimulation	6364405405386259656-0	REQUEST		mapserv_GetMap	1437723943003	1437723943004	1437723943023	1437723943023	OK	 
RudazSimulation	6364405405386259656-0	REQUEST		mapserv_GetLegendGraphic	1437723944038	1437723944039	1437723944070	1437723944070	OK	 
RudazSimulation	6364405405386259656-0	REQUEST		mapserv_GetLegendGraphic	1437723944077	1437723944077	1437723944105	1437723944105	OK	 
RudazSimulation	6364405405386259656-0	REQUEST		mapserv_GetLegendGraphic	1437723944111	1437723944112	1437723944134	1437723944134	OK	 
RudazSimulation	6364405405386259656-0	REQUEST		mapserv_GetLegendGraphic	1437723944138	1437723944139	1437723944162	1437723944162	OK	 
RudazSimulation	6364405405386259656-0	REQUEST		mapserv_GetMap	1437723944163	1437723944163	1437723944268	1437723944268	OK	 
RudazSimulation	6364405405386259656-0	REQUEST		mapserv_GetMap	1437723944269	1437723944270	1437723944289	1437723944289	OK	 
RudazSimulation	6364405405386259656-0	REQUEST		mapserv_GetMap	1437723944291	1437723944292	1437723944383	1437723944383	OK	 
RudazSimulation	6364405405386259656-0	REQUEST		mapserv_GetMap	1437723944385	1437723944385	1437723944493	1437723944493	OK	 
RudazSimulation	6364405405386259656-0	REQUEST		mapserv_GetMap	1437723946484	1437723946485	1437723946683	1437723946683	OK	 
RudazSimulation	6364405405386259656-0	REQUEST		mapserv_GetLegendGraphic	1437723947697	1437723947697	1437723947727	1437723947727	OK	 
RudazSimulation	6364405405386259656-0	REQUEST		mapserv_GetLegendGraphic	1437723947733	1437723947734	1437723947753	1437723947753	OK	 
RudazSimulation	6364405405386259656-0	REQUEST		mapserv_GetLegendGraphic	1437723947757	1437723947757	1437723947780	1437723947780	OK	 
RudazSimulation	6364405405386259656-0	REQUEST		mapserv_GetMap	1437723947782	1437723947782	1437723947894	1437723947894	OK	 
RudazSimulation	6364405405386259656-0	REQUEST		mapserv_GetLegendGraphic	1437723947898	1437723947899	1437723947919	1437723947919	OK	 
RudazSimulation	6364405405386259656-0	REQUEST		short	1437723949902	1437723949902	1437723949928	1437723949928	OK	 
RudazSimulation	6364405405386259656-0	REQUEST		mapserv_GetMap	1437723958938	1437723958939	1437723959052	1437723959052	OK	 
RudazSimulation	6364405405386259656-0	REQUEST		mapserv_GetMap	1437723959053	1437723959054	1437723959165	1437723959165	OK	 
RudazSimulation	6364405405386259656-0	REQUEST		mapserv_GetMap	1437723959166	1437723959169	1437723959268	1437723959268	OK	 
RudazSimulation	6364405405386259656-0	REQUEST		mapserv_GetMap	1437723959269	1437723959270	1437723959392	1437723959392	OK	 
RudazSimulation	6364405405386259656-0	REQUEST		mapserv_GetMap	1437723959393	1437723959393	1437723959492	1437723959492	OK	 
RudazSimulation	6364405405386259656-0	REQUEST		mapserv_GetMap	1437723960505	1437723960506	1437723960600	1437723960600	OK	 
RudazSimulation	6364405405386259656-0	REQUEST		static	1437723962597	1437723962598	1437723962622	1437723962622	OK	 
RudazSimulation	6364405405386259656-0	REQUEST		fulltextsearch	1437723962623	1437723962624	1437723962634	1437723962634	OK	 
RudazSimulation	6364405405386259656-0	REQUEST		fulltextsearch	1437723963635	1437723963635	1437723963648	1437723963648	OK	 
RudazSimulation	6364405405386259656-0	REQUEST		fulltextsearch	1437723964655	1437723964655	1437723964727	1437723964728	OK	 
RudazSimulation	6364405405386259656-0	REQUEST		fulltextsearch	1437723965725	1437723965725	1437723965735	1437723965735	OK	 
RudazSimulation	6364405405386259656-0	REQUEST		fulltextsearch	1437723966744	1437723966744	1437723966757	1437723966757	OK	 
RudazSimulation	6364405405386259656-0	REQUEST		static	1437723968755	1437723968755	1437723968764	1437723968764	OK	 
RudazSimulation	6364405405386259656-0	REQUEST		mapserv_GetMap	1437723968765	1437723968765	1437723968847	1437723968847	OK	 
RudazSimulation	6364405405386259656-0	REQUEST		static	1437723977857	1437723977857	1437723977865	1437723977865	OK	 
RudazSimulation	6364405405386259656-0	REQUEST		mapserv_GetLegendGraphic	1437723977867	1437723977867	1437723977893	1437723977893	OK	 
RudazSimulation	6364405405386259656-0	REQUEST		static	1437723977895	1437723977895	1437723977903	1437723977903	OK	 
RudazSimulation	6364405405386259656-0	REQUEST		mapserv_GetLegendGraphic	1437723977907	1437723977908	1437723977937	1437723977937	OK	 
RudazSimulation	6364405405386259656-0	REQUEST		mapserv_GetLegendGraphic	1437723977940	1437723977941	1437723977973	1437723977973	OK	 
RudazSimulation	6364405405386259656-0	REQUEST		mapserv_GetLegendGraphic	1437723977977	1437723977977	1437723978014	1437723978014	OK	 
RudazSimulation	6364405405386259656-0	REQUEST		mapserv_GetMap	1437723980016	1437723980017	1437723980121	1437723980121	OK	 
RudazSimulation	6364405405386259656-0	REQUEST		mapserv_GetMap	1437723981114	1437723981114	1437723981215	1437723981215	OK	 
RudazSimulation	6364405405386259656-0	REQUEST		mapserv_GetLegendGraphic	1437723981216	1437723981216	1437723981313	1437723981313	OK	 
RudazSimulation	6364405405386259656-0	REQUEST		mapserv_GetMap	1437723981314	1437723981314	1437723981351	1437723981351	OK	 
RudazSimulation	6364405405386259656-0	REQUEST		mapserv_GetLegendGraphic	1437723982357	1437723982357	1437723982374	1437723982374	OK	 
RudazSimulation	6364405405386259656-0	REQUEST		mapserv_GetLegendGraphic	1437723982379	1437723982379	1437723982394	1437723982394	OK	 
RudazSimulation	6364405405386259656-0	REQUEST		mapserv_GetLegendGraphic	1437723982397	1437723982397	1437723982413	1437723982413	OK	 
RudazSimulation	6364405405386259656-0	REQUEST		mapserv_GetMap	1437723982414	1437723982415	1437723982485	1437723982485	OK	 
RudazSimulation	6364405405386259656-0	REQUEST		mapserv_GetMap	1437723982486	1437723982487	1437723982556	1437723982556	OK	 
RudazSimulation	6364405405386259656-0	REQUEST		mapserv_GetMap	1437723982557	1437723982557	1437723982639	1437723982639	OK	 
RudazSimulation	6364405405386259656-0	REQUEST		mapserv_GetMap	1437723982640	1437723982641	1437723982734	1437723982734	OK	 
RudazSimulation	6364405405386259656-0	REQUEST		mapserv_GetMap	1437723984746	1437723984746	1437723984844	1437723984844	OK	 
RudazSimulation	6364405405386259656-0	REQUEST		mapserv_GetLegendGraphic	1437723985844	1437723985845	1437723985865	1437723985865	OK	 
RudazSimulation	6364405405386259656-0	REQUEST		mapserv_GetLegendGraphic	1437723985868	1437723985869	1437723985897	1437723985897	OK	 
RudazSimulation	6364405405386259656-0	REQUEST		mapserv_GetLegendGraphic	1437723985902	1437723985902	1437723985931	1437723985931	OK	 
RudazSimulation	6364405405386259656-0	REQUEST		mapserv_GetMap	1437723985933	1437723985933	1437723986045	1437723986045	OK	 
RudazSimulation	6364405405386259656-0	REQUEST		mapserv_GetLegendGraphic	1437723986051	1437723986051	1437723986074	1437723986074	OK	 
RudazSimulation	6364405405386259656-0	REQUEST		short	1437723988073	1437723988073	1437723988112	1437723988112	OK	 
RudazSimulation	6364405405386259656-0	REQUEST		mapserv_GetMap	1437723997115	1437723997116	1437723997199	1437723997199	OK	 
RudazSimulation	6364405405386259656-0	REQUEST		mapserv_GetMap	1437723997200	1437723997201	1437723997274	1437723997274	OK	 
RudazSimulation	6364405405386259656-0	REQUEST		mapserv_GetMap	1437723997275	1437723997275	1437723997352	1437723997352	OK	 
RudazSimulation	6364405405386259656-0	REQUEST		mapserv_GetMap	1437723997354	1437723997354	1437723997436	1437723997436	OK	 
RudazSimulation	6364405405386259656-0	REQUEST		mapserv_GetMap	1437723997437	1437723997438	1437723997524	1437723997524	OK	 
RudazSimulation	6364405405386259656-0	REQUEST		mapserv_GetMap	1437723998526	1437723998526	1437723998621	1437723998621	OK	 
RudazSimulation	6364405405386259656-0	REQUEST		static	1437724000625	1437724000625	1437724000632	1437724000632	OK	 
RudazSimulation	6364405405386259656-0	REQUEST		fulltextsearch	1437724000633	1437724000634	1437724000646	1437724000646	OK	 
RudazSimulation	6364405405386259656-0	REQUEST		fulltextsearch	1437724001646	1437724001646	1437724001658	1437724001658	OK	 
RudazSimulation	6364405405386259656-0	REQUEST		fulltextsearch	1437724002665	1437724002665	1437724002700	1437724002700	OK	 
RudazSimulation	6364405405386259656-0	REQUEST		fulltextsearch	1437724003695	1437724003695	1437724003709	1437724003709	OK	 
RudazSimulation	6364405405386259656-0	REQUEST		fulltextsearch	1437724004716	1437724004716	1437724004746	1437724004746	OK	 
RudazSimulation	6364405405386259656-0	REQUEST		static	1437724006754	1437724006754	1437724006762	1437724006762	OK	 
RudazSimulation	6364405405386259656-0	REQUEST		mapserv_GetMap	1437724006763	1437724006764	1437724006855	1437724006855	OK	 
RudazSimulation	6364405405386259656-0	REQUEST		static	1437724015854	1437724015855	1437724015867	1437724015867	OK	 
RudazSimulation	6364405405386259656-0	REQUEST		mapserv_GetLegendGraphic	1437724015867	1437724015868	1437724015890	1437724015890	OK	 
RudazSimulation	6364405405386259656-0	REQUEST		static	1437724015891	1437724015891	1437724015898	1437724015898	OK	 
RudazSimulation	6364405405386259656-0	REQUEST		mapserv_GetLegendGraphic	1437724015901	1437724015901	1437724015923	1437724015923	OK	 
RudazSimulation	6364405405386259656-0	REQUEST		mapserv_GetLegendGraphic	1437724015929	1437724015929	1437724015950	1437724015950	OK	 
RudazSimulation	6364405405386259656-0	REQUEST		mapserv_GetMap	1437724017947	1437724017947	1437724018065	1437724018065	OK	 
RudazSimulation	6364405405386259656-0	REQUEST		mapserv_GetMap	1437724019077	1437724019077	1437724019178	1437724019178	OK	 
RudazSimulation	6364405405386259656-0	REQUEST		mapserv_GetLegendGraphic	1437724019180	1437724019180	1437724019271	1437724019271	OK	 
RudazSimulation	6364405405386259656-0	REQUEST		mapserv_GetMap	1437724019272	1437724019272	1437724019367	1437724019367	OK	 
RudazSimulation	6364405405386259656-0	REQUEST		mapserv_GetLegendGraphic	1437724020364	1437724020364	1437724020390	1437724020390	OK	 
RudazSimulation	6364405405386259656-0	REQUEST		mapserv_GetLegendGraphic	1437724020395	1437724020396	1437724020419	1437724020420	OK	 
RudazSimulation	6364405405386259656-0	REQUEST		mapserv_GetLegendGraphic	1437724020425	1437724020425	1437724020447	1437724020447	OK	 
RudazSimulation	6364405405386259656-0	REQUEST		mapserv_GetLegendGraphic	1437724020452	1437724020452	1437724020480	1437724020480	OK	 
RudazSimulation	6364405405386259656-0	REQUEST		mapserv_GetMap	1437724020481	1437724020481	1437724020584	1437724020584	OK	 
RudazSimulation	6364405405386259656-0	REQUEST		mapserv_GetMap	1437724020586	1437724020586	1437724020661	1437724020661	OK	 
RudazSimulation	6364405405386259656-0	REQUEST		mapserv_GetMap	1437724020662	1437724020662	1437724020764	1437724020764	OK	 
RudazSimulation	6364405405386259656-0	REQUEST		mapserv_GetMap	1437724020765	1437724020765	1437724020874	1437724020875	OK	 
RudazSimulation	6364405405386259656-0	REQUEST		mapserv_GetMap	1437724022887	1437724022887	1437724023027	1437724023027	OK	 
RudazSimulation	6364405405386259656-0	REQUEST		mapserv_GetLegendGraphic	1437724024025	1437724024025	1437724024048	1437724024048	OK	 
RudazSimulation	6364405405386259656-0	REQUEST		mapserv_GetLegendGraphic	1437724024053	1437724024054	1437724024079	1437724024079	OK	 
RudazSimulation	6364405405386259656-0	REQUEST		mapserv_GetLegendGraphic	1437724024082	1437724024082	1437724024103	1437724024103	OK	 
RudazSimulation	6364405405386259656-0	REQUEST		mapserv_GetMap	1437724024104	1437724024104	1437724024227	1437724024227	OK	 
RudazSimulation	6364405405386259656-0	REQUEST		mapserv_GetLegendGraphic	1437724024233	1437724024233	1437724024269	1437724024269	OK	 
RudazSimulation	6364405405386259656-0	REQUEST		short	1437724026262	1437724026263	1437724026287	1437724026287	OK	 
RudazSimulation	6364405405386259656-0	REQUEST		mapserv_GetMap	1437724035297	1437724035297	1437724035399	1437724035399	OK	 
RudazSimulation	6364405405386259656-0	REQUEST		mapserv_GetMap	1437724035400	1437724035400	1437724035499	1437724035499	OK	 
RudazSimulation	6364405405386259656-0	REQUEST		mapserv_GetMap	1437724035500	1437724035500	1437724035596	1437724035596	OK	 
RudazSimulation	6364405405386259656-0	REQUEST		mapserv_GetMap	1437724035597	1437724035597	1437724035691	1437724035691	OK	 
RudazSimulation	6364405405386259656-0	REQUEST		mapserv_GetMap	1437724035692	1437724035692	1437724035716	1437724035716	OK	 
RudazSimulation	6364405405386259656-0	REQUEST		mapserv_GetMap	1437724036714	1437724036714	1437724036821	1437724036821	OK	 
RudazSimulation	6364405405386259656-0	REQUEST		static	1437724038824	1437724038825	1437724038832	1437724038832	OK	 
RudazSimulation	6364405405386259656-0	REQUEST		fulltextsearch	1437724038833	1437724038833	1437724038845	1437724038845	OK	 
RudazSimulation	6364405405386259656-0	REQUEST		fulltextsearch	1437724039857	1437724039857	1437724039871	1437724039871	OK	 
RudazSimulation	6364405405386259656-0	REQUEST		fulltextsearch	1437724040875	1437724040876	1437724040918	1437724040918	OK	 
RudazSimulation	6364405405386259656-0	REQUEST		fulltextsearch	1437724041915	1437724041915	1437724041926	1437724041926	OK	 
RudazSimulation	6364405405386259656-0	REQUEST		fulltextsearch	1437724042937	1437724042937	1437724042950	1437724042950	OK	 
RudazSimulation	6364405405386259656-0	REQUEST		static	1437724044946	1437724044947	1437724044954	1437724044954	OK	 
RudazSimulation	6364405405386259656-0	REQUEST		mapserv_GetMap	1437724044956	1437724044956	1437724045058	1437724045058	OK	 
RudazSimulation	6364405405386259656-0	REQUEST		static	1437724054067	1437724054067	1437724054078	1437724054078	OK	 
RudazSimulation	6364405405386259656-0	REQUEST		static	1437724054081	1437724054081	1437724054089	1437724054089	OK	 
RudazSimulation	6364405405386259656-0	REQUEST		mapserv_GetLegendGraphic	1437724054094	1437724054094	1437724054115	1437724054116	OK	 
RudazSimulation	6364405405386259656-0	REQUEST		mapserv_GetLegendGraphic	1437724054121	1437724054121	1437724054141	1437724054141	OK	 
RudazSimulation	6364405405386259656-0	REQUEST		mapserv_GetMap	1437724056137	1437724056137	1437724056241	1437724056241	OK	 
RudazSimulation	6364405405386259656-0	REQUEST		mapserv_GetMap	1437724057255	1437724057255	1437724057357	1437724057357	OK	 
RudazSimulation	6364405405386259656-0	REQUEST		mapserv_GetLegendGraphic	1437724057359	1437724057359	1437724057456	1437724057456	OK	 
RudazSimulation	6364405405386259656-0	REQUEST		mapserv_GetMap	1437724057457	1437724057457	1437724057568	1437724057568	OK	 
RudazSimulation	6364405405386259656-0	REQUEST		mapserv_GetLegendGraphic	1437724058564	1437724058564	1437724058586	1437724058586	OK	 
RudazSimulation	6364405405386259656-0	REQUEST		mapserv_GetLegendGraphic	1437724058594	1437724058594	1437724058617	1437724058617	OK	 
RudazSimulation	6364405405386259656-0	REQUEST		mapserv_GetMap	1437724058618	1437724058618	1437724058728	1437724058729	OK	 
RudazSimulation	6364405405386259656-0	REQUEST		mapserv_GetMap	1437724058730	1437724058731	1437724058830	1437724058830	OK	 
RudazSimulation	6364405405386259656-0	REQUEST		mapserv_GetMap	1437724058831	1437724058834	1437724058933	1437724058933	OK	 
RudazSimulation	6364405405386259656-0	REQUEST		mapserv_GetMap	1437724058934	1437724058935	1437724059043	1437724059043	OK	 
RudazSimulation	6364405405386259656-0	REQUEST		mapserv_GetMap	1437724061057	1437724061058	1437724061082	1437724061082	OK	 
RudazSimulation	6364405405386259656-0	REQUEST		mapserv_GetLegendGraphic	1437724062084	1437724062084	1437724062107	1437724062107	OK	 
RudazSimulation	6364405405386259656-0	REQUEST		mapserv_GetLegendGraphic	1437724062110	1437724062110	1437724062138	1437724062138	OK	 
RudazSimulation	6364405405386259656-0	REQUEST		mapserv_GetLegendGraphic	1437724062144	1437724062144	1437724062166	1437724062166	OK	 
RudazSimulation	6364405405386259656-0	REQUEST		mapserv_GetMap	1437724062168	1437724062168	1437724062282	1437724062282	OK	 
RudazSimulation	6364405405386259656-0	REQUEST		mapserv_GetLegendGraphic	1437724062288	1437724062288	1437724062309	1437724062309	OK	 
RudazSimulation	6364405405386259656-0	REQUEST		short	1437724064293	1437724064294	1437724064312	1437724064312	OK	 
RudazSimulation	6364405405386259656-0	REQUEST		mapserv_GetMap	1437724073326	1437724073327	1437724073440	1437724073440	OK	 
RudazSimulation	6364405405386259656-0	REQUEST		mapserv_GetMap	1437724073442	1437724073442	1437724073548	1437724073548	OK	 
RudazSimulation	6364405405386259656-0	REQUEST		mapserv_GetMap	1437724073549	1437724073549	1437724073644	1437724073644	OK	 
RudazSimulation	6364405405386259656-0	REQUEST		mapserv_GetMap	1437724073645	1437724073646	1437724073740	1437724073740	OK	 
RudazSimulation	6364405405386259656-0	REQUEST		mapserv_GetMap	1437724073741	1437724073742	1437724073908	1437724073908	OK	 
RudazSimulation	6364405405386259656-0	REQUEST		mapserv_GetMap	1437724074907	1437724074907	1437724075009	1437724075009	OK	 
RudazSimulation	6364405405386259656-0	REQUEST		static	1437724077005	1437724077005	1437724077014	1437724077014	OK	 
RudazSimulation	6364405405386259656-0	REQUEST		fulltextsearch	1437724077015	1437724077015	1437724077027	1437724077027	OK	 
RudazSimulation	6364405405386259656-0	REQUEST		fulltextsearch	1437724078034	1437724078034	1437724078066	1437724078067	OK	 
RudazSimulation	6364405405386259656-0	REQUEST		fulltextsearch	1437724079076	1437724079076	1437724079088	1437724079088	OK	 
RudazSimulation	6364405405386259656-0	REQUEST		fulltextsearch	1437724080087	1437724080087	1437724080098	1437724080098	OK	 
RudazSimulation	6364405405386259656-0	REQUEST		fulltextsearch	1437724081106	1437724081107	1437724081118	1437724081118	OK	 
RudazSimulation	6364405405386259656-0	REQUEST		static	1437724083117	1437724083117	1437724083125	1437724083125	OK	 
RudazSimulation	6364405405386259656-0	REQUEST		mapserv_GetMap	1437724083126	1437724083126	1437724083234	1437724083234	OK	 
RudazSimulation	6364405405386259656-0	REQUEST		static	1437724092245	1437724092245	1437724092265	1437724092265	OK	 
RudazSimulation	6364405405386259656-0	REQUEST		mapserv_GetLegendGraphic	1437724092266	1437724092266	1437724092295	1437724092295	OK	 
RudazSimulation	6364405405386259656-0	REQUEST		static	1437724092296	1437724092296	1437724092304	1437724092304	OK	 
RudazSimulation	6364405405386259656-0	REQUEST		mapserv_GetLegendGraphic	1437724092306	1437724092306	1437724092330	1437724092330	OK	 
RudazSimulation	6364405405386259656-0	REQUEST		mapserv_GetLegendGraphic	1437724092332	1437724092332	1437724092364	1437724092364	OK	 
RudazSimulation	6364405405386259656-0	REQUEST		mapserv_GetLegendGraphic	1437724092369	1437724092369	1437724092444	1437724092444	OK	 
RudazSimulation	6364405405386259656-0	REQUEST		mapserv_GetMap	1437724094444	1437724094444	1437724094567	1437724094567	OK	 
RudazSimulation	6364405405386259656-0	REQUEST		mapserv_GetMap	1437724095564	1437724095565	1437724095658	1437724095658	OK	 
RudazSimulation	6364405405386259656-0	REQUEST		mapserv_GetLegendGraphic	1437724095659	1437724095659	1437724095756	1437724095756	OK	 
RudazSimulation	6364405405386259656-0	REQUEST		mapserv_GetMap	1437724095758	1437724095758	1437724095779	1437724095779	OK	 
RudazSimulation	6364405405386259656-0	REQUEST		mapserv_GetLegendGraphic	1437724096787	1437724096787	1437724096809	1437724096809	OK	 
RudazSimulation	6364405405386259656-0	REQUEST		mapserv_GetLegendGraphic	1437724096815	1437724096816	1437724096838	1437724096839	OK	 
RudazSimulation	6364405405386259656-0	REQUEST		mapserv_GetLegendGraphic	1437724096848	1437724096849	1437724096870	1437724096870	OK	 
RudazSimulation	6364405405386259656-0	REQUEST		mapserv_GetMap	1437724096872	1437724096872	1437724096965	1437724096965	OK	 
RudazSimulation	6364405405386259656-0	REQUEST		mapserv_GetMap	1437724096967	1437724096968	1437724097064	1437724097064	OK	 
RudazSimulation	6364405405386259656-0	REQUEST		mapserv_GetMap	1437724097066	1437724097066	1437724097163	1437724097163	OK	 
RudazSimulation	6364405405386259656-0	REQUEST		mapserv_GetMap	1437724097164	1437724097165	1437724097249	1437724097249	OK	 
RudazSimulation	6364405405386259656-0	REQUEST		mapserv_GetMap	1437724099245	1437724099246	1437724099336	1437724099336	OK	 
RudazSimulation	6364405405386259656-0	REQUEST		mapserv_GetLegendGraphic	1437724100346	1437724100346	1437724100385	1437724100385	OK	 
RudazSimulation	6364405405386259656-0	REQUEST		mapserv_GetLegendGraphic	1437724100390	1437724100391	1437724100416	1437724100417	OK	 
RudazSimulation	6364405405386259656-0	REQUEST		mapserv_GetLegendGraphic	1437724100422	1437724100422	1437724100445	1437724100445	OK	 
RudazSimulation	6364405405386259656-0	REQUEST		mapserv_GetMap	1437724100446	1437724100446	1437724100526	1437724100526	OK	 
RudazSimulation	6364405405386259656-0	REQUEST		mapserv_GetLegendGraphic	1437724100531	1437724100532	1437724100552	1437724100552	OK	 
RudazSimulation	6364405405386259656-0	REQUEST		short	1437724102552	1437724102552	1437724102585	1437724102585	OK	 
RudazSimulation	6364405405386259656-0	REQUEST		mapserv_GetMap	1437724111587	1437724111587	1437724111610	1437724111611	OK	 
RudazSimulation	6364405405386259656-0	REQUEST		mapserv_GetMap	1437724111612	1437724111612	1437724111639	1437724111639	OK	 
RudazSimulation	6364405405386259656-0	REQUEST		mapserv_GetMap	1437724111640	1437724111641	1437724111663	1437724111664	OK	 
RudazSimulation	6364405405386259656-0	REQUEST		mapserv_GetMap	1437724111665	1437724111666	1437724111766	1437724111766	OK	 
RudazSimulation	6364405405386259656-0	REQUEST		mapserv_GetMap	1437724111767	1437724111767	1437724111908	1437724111909	OK	 
RudazSimulation	6364405405386259656-0	REQUEST		mapserv_GetMap	1437724112904	1437724112904	1437724113021	1437724113021	OK	 
RudazSimulation	6364405405386259656-0	REQUEST		static	1437724115036	1437724115037	1437724115044	1437724115044	OK	 
RudazSimulation	6364405405386259656-0	REQUEST		fulltextsearch	1437724115045	1437724115045	1437724115056	1437724115056	OK	 
RudazSimulation	6364405405386259656-0	REQUEST		fulltextsearch	1437724116056	1437724116057	1437724116068	1437724116068	OK	 
RudazSimulation	6364405405386259656-0	REQUEST		fulltextsearch	1437724117066	1437724117066	1437724117089	1437724117089	OK	 
RudazSimulation	6364405405386259656-0	REQUEST		fulltextsearch	1437724118096	1437724118096	1437724118111	1437724118111	OK	 
RudazSimulation	6364405405386259656-0	REQUEST		fulltextsearch	1437724119115	1437724119116	1437724119125	1437724119125	OK	 
RudazSimulation	6364405405386259656-0	REQUEST		static	1437724121124	1437724121125	1437724121132	1437724121132	OK	 
RudazSimulation	6364405405386259656-0	REQUEST		mapserv_GetMap	1437724121133	1437724121134	1437724121155	1437724121155	OK	 
RudazSimulation	6364405405386259656-0	REQUEST		static	1437724130166	1437724130166	1437724130176	1437724130176	OK	 
RudazSimulation	6364405405386259656-0	REQUEST		mapserv_GetLegendGraphic	1437724130177	1437724130177	1437724130197	1437724130197	OK	 
RudazSimulation	6364405405386259656-0	REQUEST		static	1437724130199	1437724130199	1437724130205	1437724130205	OK	 
RudazSimulation	6364405405386259656-0	REQUEST		mapserv_GetLegendGraphic	1437724130210	1437724130210	1437724130227	1437724130227	OK	 
RudazSimulation	6364405405386259656-0	REQUEST		mapserv_GetLegendGraphic	1437724130232	1437724130233	1437724130254	1437724130254	OK	 
RudazSimulation	6364405405386259656-0	REQUEST		mapserv_GetLegendGraphic	1437724130258	1437724130259	1437724130282	1437724130282	OK	 
RudazSimulation	6364405405386259656-0	REQUEST		mapserv_GetMap	1437724132286	1437724132286	1437724132403	1437724132403	OK	 
RudazSimulation	6364405405386259656-0	REQUEST		mapserv_GetMap	1437724133406	1437724133407	1437724133499	1437724133499	OK	 
RudazSimulation	6364405405386259656-0	REQUEST		mapserv_GetLegendGraphic	1437724133500	1437724133501	1437724133593	1437724133593	OK	 
RudazSimulation	6364405405386259656-0	REQUEST		mapserv_GetMap	1437724133595	1437724133597	1437724133706	1437724133706	OK	 
RudazSimulation	6364405405386259656-0	REQUEST		mapserv_GetLegendGraphic	1437724134704	1437724134704	1437724134726	1437724134726	OK	 
RudazSimulation	6364405405386259656-0	REQUEST		mapserv_GetLegendGraphic	1437724134731	1437724134731	1437724134757	1437724134757	OK	 
RudazSimulation	6364405405386259656-0	REQUEST		mapserv_GetLegendGraphic	1437724134761	1437724134761	1437724134788	1437724134788	OK	 
RudazSimulation	6364405405386259656-0	REQUEST		mapserv_GetMap	1437724134791	1437724134791	1437724134810	1437724134810	OK	 
RudazSimulation	6364405405386259656-0	REQUEST		mapserv_GetMap	1437724134812	1437724134812	1437724134921	1437724134921	OK	 
RudazSimulation	6364405405386259656-0	REQUEST		mapserv_GetMap	1437724134922	1437724134923	1437724135021	1437724135021	OK	 
RudazSimulation	6364405405386259656-0	REQUEST		mapserv_GetMap	1437724135022	1437724135022	1437724135043	1437724135043	OK	 
RudazSimulation	6364405405386259656-0	REQUEST		mapserv_GetMap	1437724137046	1437724137046	1437724137152	1437724137152	OK	 
RudazSimulation	6364405405386259656-0	REQUEST		mapserv_GetLegendGraphic	1437724138155	1437724138156	1437724138215	1437724138215	OK	 
RudazSimulation	6364405405386259656-0	REQUEST		mapserv_GetMap	1437724138224	1437724138225	1437724138339	1437724138339	OK	 
RudazSimulation	6364405405386259656-0	REQUEST		short	1437724140343	1437724140343	1437724140362	1437724140362	OK	 
RudazSimulation	6364405405386259656-0	REQUEST		login	1437724149363	1437724149363	1437724149385	1437724149385	OK	 
RudazSimulation	6364405405386259656-0	REQUEST		index	1437724149399	1437724149400	1437724149412	1437724149412	OK	 
RudazSimulation	6364405405386259656-0	REQUEST		viewer	1437724149425	1437724149426	1437724151512	1437724151512	OK	 
RudazSimulation	6364405405386259656-0	REQUEST		mapserv_GetMap	1437724152494	1437724152494	1437724152622	1437724152622	OK	 
RudazSimulation	6364405405386259656-0	REQUEST		mapserv_GetMap	1437724152625	1437724152625	1437724152751	1437724152751	OK	 
RudazSimulation	6364405405386259656-0	REQUEST		mapserv_GetMap	1437724155754	1437724155754	1437724155865	1437724155865	OK	 
RudazSimulation	6364405405386259656-0	REQUEST		fulltextsearch	1437724160862	1437724160863	1437724160884	1437724160884	OK	 
RudazSimulation	6364405405386259656-0	REQUEST		fulltextsearch	1437724161883	1437724161884	1437724161902	1437724161902	OK	 
RudazSimulation	6364405405386259656-0	REQUEST		fulltextsearch	1437724161906	1437724161906	1437724161921	1437724161921	OK	 
RudazSimulation	6364405405386259656-0	REQUEST		fulltextsearch	1437724162925	1437724162925	1437724162968	1437724162968	OK	 
RudazSimulation	6364405405386259656-0	REQUEST		mapserv_GetMap	1437724163966	1437724163966	1437724164089	1437724164089	OK	 
RudazSimulation	6364405405386259656-0	REQUEST		mapserv_GetMap	1437724165096	1437724165096	1437724165206	1437724165206	OK	 
RudazSimulation	6364405405386259656-0	REQUEST		mapserv_GetMap	1437724165208	1437724165208	1437724165325	1437724165325	OK	 
RudazSimulation	6364405405386259656-0	REQUEST		mapserv_GetLegendGraphic	1437724169337	1437724169337	1437724169372	1437724169372	OK	 
RudazSimulation	6364405405386259656-0	REQUEST		mapserv_GetLegendGraphic	1437724169377	1437724169377	1437724169406	1437724169406	OK	 
RudazSimulation	6364405405386259656-0	REQUEST		mapserv_GetLegendGraphic	1437724170406	1437724170407	1437724170449	1437724170449	OK	 
RudazSimulation	6364405405386259656-0	REQUEST		mapserv_GetLegendGraphic	1437724171446	1437724171447	1437724171483	1437724171483	OK	 
RudazSimulation	6364405405386259656-0	REQUEST		mapserv_GetMap	1437724174496	1437724174497	1437724174608	1437724174608	OK	 
RudazSimulation	6364405405386259656-0	REQUEST		mapserv_GetLegendGraphic	1437724175603	1437724175606	1437724175642	1437724175642	OK	 
RudazSimulation	6364405405386259656-0	REQUEST		mapserv_GetLegendGraphic	1437724175646	1437724175646	1437724175677	1437724175678	OK	 
RudazSimulation	6364405405386259656-0	REQUEST		mapserv_GetLegendGraphic	1437724175683	1437724175683	1437724175716	1437724175716	OK	 
RudazSimulation	6364405405386259656-0	REQUEST		mapserv_GetLegendGraphic	1437724175721	1437724175721	1437724175750	1437724175750	OK	 
RudazSimulation	6364405405386259656-0	REQUEST		mapserv_GetMap	1437724181754	1437724181755	1437724181879	1437724181879	OK	 
RudazSimulation	6364405405386259656-0	REQUEST		mapserv_GetMap	1437724181882	1437724181883	1437724182012	1437724182012	OK	 
RudazSimulation	6364405405386259656-0	REQUEST		mapserv_GetLegendGraphic	1437724183016	1437724183016	1437724183051	1437724183051	OK	 
RudazSimulation	6364405405386259656-0	REQUEST		mapserv_GetLegendGraphic	1437724183056	1437724183056	1437724183089	1437724183089	OK	 
RudazSimulation	6364405405386259656-0	REQUEST		short	1437724193083	1437724193083	1437724193127	1437724193127	OK	 
RudazSimulation	6364405405386259656-0	REQUEST		mapserv_GetMap	1437724194134	1437724194135	1437724194251	1437724194251	OK	 
RudazSimulation	6364405405386259656-0	REQUEST		mapserv_GetMap	1437724194257	1437724194258	1437724194384	1437724194384	OK	 
RudazSimulation	6364405405386259656-0	REQUEST		mapserv_GetMap	1437724197385	1437724197385	1437724197498	1437724197498	OK	 
RudazSimulation	6364405405386259656-0	REQUEST		fulltextsearch	1437724202503	1437724202503	1437724202521	1437724202521	OK	 
RudazSimulation	6364405405386259656-0	REQUEST		fulltextsearch	1437724203524	1437724203524	1437724203538	1437724203538	OK	 
RudazSimulation	6364405405386259656-0	REQUEST		fulltextsearch	1437724203542	1437724203542	1437724203562	1437724203562	OK	 
RudazSimulation	6364405405386259656-0	REQUEST		fulltextsearch	1437724204567	1437724204567	1437724204581	1437724204581	OK	 
RudazSimulation	6364405405386259656-0	REQUEST		mapserv_GetMap	1437724205585	1437724205586	1437724205666	1437724205667	OK	 
RudazSimulation	6364405405386259656-0	REQUEST		mapserv_GetMap	1437724206667	1437724206667	1437724206751	1437724206751	OK	 
RudazSimulation	6364405405386259656-0	REQUEST		mapserv_GetMap	1437724206753	1437724206753	1437724206838	1437724206839	OK	 
RudazSimulation	6364405405386259656-0	REQUEST		mapserv_GetLegendGraphic	1437724210844	1437724210844	1437724210887	1437724210887	OK	 
RudazSimulation	6364405405386259656-0	REQUEST		mapserv_GetLegendGraphic	1437724210890	1437724210890	1437724210926	1437724210926	OK	 
RudazSimulation	6364405405386259656-0	REQUEST		mapserv_GetLegendGraphic	1437724211929	1437724211929	1437724211960	1437724211960	OK	 
RudazSimulation	6364405405386259656-0	REQUEST		mapserv_GetLegendGraphic	1437724212965	1437724212965	1437724213003	1437724213003	OK	 
RudazSimulation	6364405405386259656-0	REQUEST		mapserv_GetMap	1437724216006	1437724216007	1437724216125	1437724216125	OK	 
RudazSimulation	6364405405386259656-0	REQUEST		mapserv_GetLegendGraphic	1437724217133	1437724217133	1437724217168	1437724217168	OK	 
RudazSimulation	6364405405386259656-0	REQUEST		mapserv_GetLegendGraphic	1437724217173	1437724217173	1437724217210	1437724217210	OK	 
RudazSimulation	6364405405386259656-0	REQUEST		mapserv_GetLegendGraphic	1437724217215	1437724217216	1437724217255	1437724217255	OK	 
RudazSimulation	6364405405386259656-0	REQUEST		mapserv_GetLegendGraphic	1437724217258	1437724217258	1437724217296	1437724217296	OK	 
RudazSimulation	6364405405386259656-0	REQUEST		mapserv_GetMap	1437724223296	1437724223296	1437724223411	1437724223411	OK	 
RudazSimulation	6364405405386259656-0	REQUEST		mapserv_GetMap	1437724223416	1437724223416	1437724223531	1437724223531	OK	 
RudazSimulation	6364405405386259656-0	REQUEST		mapserv_GetLegendGraphic	1437724224534	1437724224535	1437724224575	1437724224575	OK	 
RudazSimulation	6364405405386259656-0	REQUEST		mapserv_GetLegendGraphic	1437724224579	1437724224580	1437724224617	1437724224617	OK	 
RudazSimulation	6364405405386259656-0	REQUEST		short	1437724234613	1437724234613	1437724234638	1437724234638	OK	 
RudazSimulation	6364405405386259656-0	REQUEST		mapserv_GetMap	1437724235634	1437724235634	1437724235721	1437724235721	OK	 
RudazSimulation	6364405405386259656-0	REQUEST		mapserv_GetMap	1437724235725	1437724235726	1437724235848	1437724235848	OK	 
RudazSimulation	6364405405386259656-0	REQUEST		mapserv_GetMap	1437724238866	1437724238867	1437724238981	1437724238981	OK	 
RudazSimulation	6364405405386259656-0	REQUEST		fulltextsearch	1437724243982	1437724243983	1437724244004	1437724244004	OK	 
RudazSimulation	6364405405386259656-0	REQUEST		fulltextsearch	1437724245005	1437724245005	1437724245018	1437724245019	OK	 
RudazSimulation	6364405405386259656-0	REQUEST		fulltextsearch	1437724245042	1437724245042	1437724245054	1437724245054	OK	 
RudazSimulation	6364405405386259656-0	REQUEST		fulltextsearch	1437724246056	1437724246057	1437724246081	1437724246081	OK	 
RudazSimulation	6364405405386259656-0	REQUEST		mapserv_GetMap	1437724247086	1437724247086	1437724247174	1437724247174	OK	 
RudazSimulation	6364405405386259656-0	REQUEST		mapserv_GetMap	1437724248176	1437724248176	1437724248270	1437724248270	OK	 
RudazSimulation	6364405405386259656-0	REQUEST		mapserv_GetMap	1437724248271	1437724248272	1437724248362	1437724248362	OK	 
RudazSimulation	6364405405386259656-0	REQUEST		mapserv_GetLegendGraphic	1437724252364	1437724252364	1437724252396	1437724252396	OK	 
RudazSimulation	6364405405386259656-0	REQUEST		mapserv_GetLegendGraphic	1437724252399	1437724252399	1437724252430	1437724252430	OK	 
RudazSimulation	6364405405386259656-0	REQUEST		mapserv_GetLegendGraphic	1437724253426	1437724253427	1437724253459	1437724253459	OK	 
RudazSimulation	6364405405386259656-0	REQUEST		mapserv_GetLegendGraphic	1437724254466	1437724254466	1437724254502	1437724254502	OK	 
RudazSimulation	6364405405386259656-0	REQUEST		mapserv_GetMap	1437724257509	1437724257510	1437724257630	1437724257630	OK	 
RudazSimulation	6364405405386259656-0	REQUEST		mapserv_GetLegendGraphic	1437724258622	1437724258622	1437724258660	1437724258660	OK	 
RudazSimulation	6364405405386259656-0	REQUEST		mapserv_GetLegendGraphic	1437724258664	1437724258665	1437724258696	1437724258696	OK	 
RudazSimulation	6364405405386259656-0	REQUEST		mapserv_GetLegendGraphic	1437724258700	1437724258701	1437724258733	1437724258733	OK	 
RudazSimulation	6364405405386259656-0	REQUEST		mapserv_GetLegendGraphic	1437724258738	1437724258738	1437724258772	1437724258773	OK	 
RudazSimulation	6364405405386259656-0	REQUEST		mapserv_GetMap	1437724264785	1437724264786	1437724264893	1437724264893	OK	 
RudazSimulation	6364405405386259656-0	REQUEST		mapserv_GetMap	1437724264898	1437724264898	1437724265005	1437724265005	OK	 
RudazSimulation	6364405405386259656-0	REQUEST		mapserv_GetLegendGraphic	1437724266004	1437724266004	1437724266043	1437724266043	OK	 
RudazSimulation	6364405405386259656-0	REQUEST		mapserv_GetLegendGraphic	1437724266046	1437724266046	1437724266084	1437724266084	OK	 
RudazSimulation	6364405405386259656-0	REQUEST		short	1437724276083	1437724276084	1437724276109	1437724276109	OK	 
RudazSimulation	6364405405386259656-0	REQUEST		mapserv_GetMap	1437724277106	1437724277107	1437724277210	1437724277210	OK	 
RudazSimulation	6364405405386259656-0	REQUEST		mapserv_GetMap	1437724277214	1437724277215	1437724277311	1437724277311	OK	 
RudazSimulation	6364405405386259656-0	REQUEST		mapserv_GetMap	1437724280325	1437724280326	1437724280416	1437724280416	OK	 
RudazSimulation	6364405405386259656-0	REQUEST		fulltextsearch	1437724285412	1437724285413	1437724285497	1437724285497	OK	 
RudazSimulation	6364405405386259656-0	REQUEST		fulltextsearch	1437724286505	1437724286506	1437724286525	1437724286525	OK	 
RudazSimulation	6364405405386259656-0	REQUEST		fulltextsearch	1437724286529	1437724286530	1437724286577	1437724286577	OK	 
RudazSimulation	6364405405386259656-0	REQUEST		fulltextsearch	1437724287574	1437724287574	1437724287620	1437724287621	OK	 
RudazSimulation	6364405405386259656-0	REQUEST		mapserv_GetMap	1437724288626	1437724288626	1437724288743	1437724288743	OK	 
RudazSimulation	6364405405386259656-0	REQUEST		mapserv_GetMap	1437724289753	1437724289754	1437724289879	1437724289879	OK	 
RudazSimulation	6364405405386259656-0	REQUEST		mapserv_GetMap	1437724289880	1437724289880	1437724289997	1437724289997	OK	 
RudazSimulation	6364405405386259656-0	REQUEST		mapserv_GetLegendGraphic	1437724293995	1437724293995	1437724294035	1437724294035	OK	 
RudazSimulation	6364405405386259656-0	REQUEST		mapserv_GetLegendGraphic	1437724296034	1437724296035	1437724296066	1437724296066	OK	 
RudazSimulation	6364405405386259656-0	REQUEST		mapserv_GetMap	1437724299074	1437724299074	1437724299198	1437724299198	OK	 
RudazSimulation	6364405405386259656-0	REQUEST		mapserv_GetLegendGraphic	1437724300197	1437724300197	1437724300228	1437724300228	OK	 
RudazSimulation	6364405405386259656-0	REQUEST		mapserv_GetLegendGraphic	1437724300230	1437724300231	1437724300265	1437724300265	OK	 
RudazSimulation	6364405405386259656-0	REQUEST		mapserv_GetLegendGraphic	1437724300267	1437724300267	1437724300297	1437724300298	OK	 
RudazSimulation	6364405405386259656-0	REQUEST		mapserv_GetMap	1437724306305	1437724306305	1437724306447	1437724306447	OK	 
RudazSimulation	6364405405386259656-0	REQUEST		mapserv_GetMap	1437724306450	1437724306451	1437724306559	1437724306559	OK	 
RudazSimulation	6364405405386259656-0	REQUEST		mapserv_GetLegendGraphic	1437724307556	1437724307556	1437724307589	1437724307589	OK	 
RudazSimulation	6364405405386259656-0	REQUEST		mapserv_GetLegendGraphic	1437724307594	1437724307594	1437724307633	1437724307633	OK	 
RudazSimulation	6364405405386259656-0	REQUEST		short	1437724317643	1437724317644	1437724317677	1437724317677	OK	 
RudazSimulation	6364405405386259656-0	REQUEST		mapserv_GetMap	1437724318674	1437724318674	1437724318773	1437724318773	OK	 
RudazSimulation	6364405405386259656-0	REQUEST		mapserv_GetMap	1437724318778	1437724318778	1437724318868	1437724318868	OK	 
RudazSimulation	6364405405386259656-0	REQUEST		mapserv_GetMap	1437724321866	1437724321867	1437724321972	1437724321972	OK	 
RudazSimulation	6364405405386259656-0	REQUEST		fulltextsearch	1437724326983	1437724326984	1437724326998	1437724326998	OK	 
RudazSimulation	6364405405386259656-0	REQUEST		fulltextsearch	1437724327995	1437724327996	1437724328009	1437724328009	OK	 
RudazSimulation	6364405405386259656-0	REQUEST		fulltextsearch	1437724328012	1437724328012	1437724328024	1437724328024	OK	 
RudazSimulation	6364405405386259656-0	REQUEST		fulltextsearch	1437724329034	1437724329034	1437724329047	1437724329047	OK	 
RudazSimulation	6364405405386259656-0	REQUEST		mapserv_GetMap	1437724330045	1437724330045	1437724330128	1437724330129	OK	 
RudazSimulation	6364405405386259656-0	REQUEST		mapserv_GetMap	1437724331135	1437724331135	1437724331227	1437724331227	OK	 
RudazSimulation	6364405405386259656-0	REQUEST		mapserv_GetMap	1437724331229	1437724331229	1437724331326	1437724331326	OK	 
RudazSimulation	6364405405386259656-0	REQUEST		mapserv_GetLegendGraphic	1437724335326	1437724335326	1437724335365	1437724335365	OK	 
RudazSimulation	6364405405386259656-0	REQUEST		mapserv_GetLegendGraphic	1437724335369	1437724335369	1437724335416	1437724335416	OK	 
RudazSimulation	6364405405386259656-0	REQUEST		mapserv_GetLegendGraphic	1437724336425	1437724336426	1437724336465	1437724336465	OK	 
RudazSimulation	6364405405386259656-0	REQUEST		mapserv_GetLegendGraphic	1437724337465	1437724337465	1437724337496	1437724337496	OK	 
RudazSimulation	6364405405386259656-0	REQUEST		mapserv_GetMap	1437724340505	1437724340505	1437724340628	1437724340628	OK	 
RudazSimulation	6364405405386259656-0	REQUEST		mapserv_GetLegendGraphic	1437724341623	1437724341623	1437724341686	1437724341686	OK	 
RudazSimulation	6364405405386259656-0	REQUEST		mapserv_GetLegendGraphic	1437724341690	1437724341691	1437724341764	1437724341764	OK	 
RudazSimulation	6364405405386259656-0	REQUEST		mapserv_GetLegendGraphic	1437724341767	1437724341767	1437724341793	1437724341793	OK	 
RudazSimulation	6364405405386259656-0	REQUEST		mapserv_GetLegendGraphic	1437724341796	1437724341796	1437724341835	1437724341835	OK	 
RudazSimulation	6364405405386259656-0	REQUEST		mapserv_GetMap	1437724347833	1437724347834	1437724347951	1437724347952	OK	 
RudazSimulation	6364405405386259656-0	REQUEST		mapserv_GetMap	1437724347954	1437724347954	1437724348059	1437724348059	OK	 
RudazSimulation	6364405405386259656-0	REQUEST		mapserv_GetLegendGraphic	1437724349065	1437724349065	1437724349101	1437724349101	OK	 
RudazSimulation	6364405405386259656-0	REQUEST		mapserv_GetLegendGraphic	1437724349105	1437724349108	1437724349149	1437724349149	OK	 
RudazSimulation	6364405405386259656-0	REQUEST		short	1437724359143	1437724359143	1437724359173	1437724359173	OK	 
RudazSimulation	6364405405386259656-0	REQUEST		mapserv_GetMap	1437724360186	1437724360186	1437724360334	1437724360334	OK	 
RudazSimulation	6364405405386259656-0	REQUEST		mapserv_GetMap	1437724360338	1437724360339	1437724360367	1437724360367	OK	 
RudazSimulation	6364405405386259656-0	REQUEST		mapserv_GetMap	1437724363365	1437724363366	1437724363496	1437724363496	OK	 
RudazSimulation	6364405405386259656-0	REQUEST		fulltextsearch	1437724368502	1437724368503	1437724368527	1437724368528	OK	 
RudazSimulation	6364405405386259656-0	REQUEST		fulltextsearch	1437724369524	1437724369525	1437724369549	1437724369549	OK	 
RudazSimulation	6364405405386259656-0	REQUEST		fulltextsearch	1437724369552	1437724369552	1437724369565	1437724369565	OK	 
RudazSimulation	6364405405386259656-0	REQUEST		fulltextsearch	1437724370574	1437724370575	1437724370588	1437724370588	OK	 
RudazSimulation	6364405405386259656-0	REQUEST		mapserv_GetMap	1437724371586	1437724371586	1437724371678	1437724371678	OK	 
RudazSimulation	6364405405386259656-0	REQUEST		mapserv_GetMap	1437724372685	1437724372686	1437724372789	1437724372789	OK	 
RudazSimulation	6364405405386259656-0	REQUEST		mapserv_GetMap	1437724372790	1437724372790	1437724372896	1437724372896	OK	 
RudazSimulation	6364405405386259656-0	REQUEST		mapserv_GetLegendGraphic	1437724376895	1437724376896	1437724376935	1437724376935	OK	 
RudazSimulation	6364405405386259656-0	REQUEST		mapserv_GetLegendGraphic	1437724376938	1437724376938	1437724376999	1437724376999	OK	 
RudazSimulation	6364405405386259656-0	REQUEST		mapserv_GetLegendGraphic	1437724378005	1437724378006	1437724378035	1437724378035	OK	 
RudazSimulation	6364405405386259656-0	REQUEST		mapserv_GetLegendGraphic	1437724379034	1437724379034	1437724379073	1437724379073	OK	 
RudazSimulation	6364405405386259656-0	REQUEST		mapserv_GetMap	1437724382084	1437724382084	1437724382116	1437724382116	OK	 
RudazSimulation	6364405405386259656-0	REQUEST		mapserv_GetLegendGraphic	1437724383112	1437724383113	1437724383145	1437724383145	OK	 
RudazSimulation	6364405405386259656-0	REQUEST		mapserv_GetLegendGraphic	1437724383151	1437724383151	1437724383187	1437724383187	OK	 
RudazSimulation	6364405405386259656-0	REQUEST		mapserv_GetLegendGraphic	1437724383189	1437724383190	1437724383222	1437724383222	OK	 
RudazSimulation	6364405405386259656-0	REQUEST		mapserv_GetLegendGraphic	1437724383228	1437724383228	1437724383258	1437724383258	OK	 
RudazSimulation	6364405405386259656-0	REQUEST		mapserv_GetMap	1437724389253	1437724389254	1437724389360	1437724389360	OK	 
RudazSimulation	6364405405386259656-0	REQUEST		mapserv_GetMap	1437724389362	1437724389363	1437724389469	1437724389469	OK	 
RudazSimulation	6364405405386259656-0	REQUEST		mapserv_GetLegendGraphic	1437724390475	1437724390476	1437724390511	1437724390511	OK	 
RudazSimulation	6364405405386259656-0	REQUEST		mapserv_GetLegendGraphic	1437724390517	1437724390517	1437724390551	1437724390551	OK	 
RudazSimulation	6364405405386259656-0	REQUEST		short	1437724400553	1437724400554	1437724400579	1437724400579	OK	 
RudazSimulation	6364405405386259656-0	REQUEST		mapserv_GetMap	1437724401574	1437724401574	1437724401666	1437724401666	OK	 
RudazSimulation	6364405405386259656-0	REQUEST		mapserv_GetMap	1437724401670	1437724401671	1437724401787	1437724401787	OK	 
RudazSimulation	6364405405386259656-0	REQUEST		mapserv_GetMap	1437724404795	1437724404795	1437724404839	1437724404839	OK	 
RudazSimulation	6364405405386259656-0	REQUEST		fulltextsearch	1437724409833	1437724409833	1437724409852	1437724409852	OK	 
RudazSimulation	6364405405386259656-0	REQUEST		fulltextsearch	1437724410865	1437724410865	1437724410897	1437724410897	OK	 
RudazSimulation	6364405405386259656-0	REQUEST		fulltextsearch	1437724410901	1437724410902	1437724410917	1437724410917	OK	 
RudazSimulation	6364405405386259656-0	REQUEST		fulltextsearch	1437724411915	1437724411916	1437724411948	1437724411948	OK	 
RudazSimulation	6364405405386259656-0	REQUEST		mapserv_GetMap	1437724412955	1437724412956	1437724412992	1437724412992	OK	 
RudazSimulation	6364405405386259656-0	REQUEST		mapserv_GetMap	1437724413995	1437724413995	1437724414113	1437724414113	OK	 
RudazSimulation	6364405405386259656-0	REQUEST		mapserv_GetMap	1437724414115	1437724414115	1437724414226	1437724414226	OK	 
RudazSimulation	6364405405386259656-0	REQUEST		mapserv_GetLegendGraphic	1437724418225	1437724418225	1437724418251	1437724418251	OK	 
RudazSimulation	6364405405386259656-0	REQUEST		mapserv_GetLegendGraphic	1437724418254	1437724418254	1437724418286	1437724418286	OK	 
RudazSimulation	6364405405386259656-0	REQUEST		mapserv_GetLegendGraphic	1437724419285	1437724419285	1437724419310	1437724419310	OK	 
RudazSimulation	6364405405386259656-0	REQUEST		mapserv_GetLegendGraphic	1437724420316	1437724420316	1437724420349	1437724420349	OK	 
RudazSimulation	6364405405386259656-0	REQUEST		mapserv_GetMap	1437724423354	1437724423355	1437724423455	1437724423455	OK	 
RudazSimulation	6364405405386259656-0	REQUEST		mapserv_GetLegendGraphic	1437724424463	1437724424464	1437724424490	1437724424490	OK	 
RudazSimulation	6364405405386259656-0	REQUEST		mapserv_GetLegendGraphic	1437724424494	1437724424495	1437724424522	1437724424522	OK	 
RudazSimulation	6364405405386259656-0	REQUEST		mapserv_GetLegendGraphic	1437724424526	1437724424526	1437724424554	1437724424554	OK	 
RudazSimulation	6364405405386259656-0	REQUEST		mapserv_GetLegendGraphic	1437724424556	1437724424556	1437724424582	1437724424582	OK	 
RudazSimulation	6364405405386259656-0	REQUEST		mapserv_GetMap	1437724430584	1437724430584	1437724430711	1437724430711	OK	 
RudazSimulation	6364405405386259656-0	REQUEST		mapserv_GetMap	1437724430715	1437724430715	1437724430813	1437724430813	OK	 
RudazSimulation	6364405405386259656-0	REQUEST		mapserv_GetLegendGraphic	1437724431815	1437724431815	1437724431844	1437724431845	OK	 
RudazSimulation	6364405405386259656-0	REQUEST		mapserv_GetLegendGraphic	1437724431847	1437724431847	1437724431891	1437724431892	OK	 
RudazSimulation	6364405405386259656-0	REQUEST		short	1437724441892	1437724441893	1437724441922	1437724441922	OK	 
RudazSimulation	6364405405386259656-0	REQUEST		mapserv_GetMap	1437724442924	1437724442925	1437724443027	1437724443027	OK	 
RudazSimulation	6364405405386259656-0	REQUEST		mapserv_GetMap	1437724443030	1437724443030	1437724443128	1437724443128	OK	 
RudazSimulation	6364405405386259656-0	REQUEST		mapserv_GetMap	1437724446125	1437724446126	1437724446155	1437724446155	OK	 
RudazSimulation	6364405405386259656-0	REQUEST		fulltextsearch	1437724451163	1437724451164	1437724451180	1437724451180	OK	 
RudazSimulation	6364405405386259656-0	REQUEST		fulltextsearch	1437724452175	1437724452175	1437724452253	1437724452253	OK	 
RudazSimulation	6364405405386259656-0	REQUEST		fulltextsearch	1437724452255	1437724452256	1437724452268	1437724452268	OK	 
RudazSimulation	6364405405386259656-0	REQUEST		fulltextsearch	1437724453264	1437724453264	1437724453278	1437724453278	OK	 
RudazSimulation	6364405405386259656-0	REQUEST		mapserv_GetMap	1437724454284	1437724454285	1437724454370	1437724454370	OK	 
RudazSimulation	6364405405386259656-0	REQUEST		mapserv_GetMap	1437724455375	1437724455376	1437724455467	1437724455467	OK	 
RudazSimulation	6364405405386259656-0	REQUEST		mapserv_GetMap	1437724455468	1437724455469	1437724455501	1437724455501	OK	 
RudazSimulation	6364405405386259656-0	REQUEST		mapserv_GetLegendGraphic	1437724459505	1437724459506	1437724459533	1437724459534	OK	 
RudazSimulation	6364405405386259656-0	REQUEST		mapserv_GetLegendGraphic	1437724459537	1437724459538	1437724459565	1437724459565	OK	 
RudazSimulation	6364405405386259656-0	REQUEST		mapserv_GetLegendGraphic	1437724460565	1437724460565	1437724460592	1437724460592	OK	 
RudazSimulation	6364405405386259656-0	REQUEST		mapserv_GetLegendGraphic	1437724461604	1437724461604	1437724461639	1437724461639	OK	 
RudazSimulation	6364405405386259656-0	REQUEST		mapserv_GetMap	1437724464635	1437724464635	1437724464748	1437724464748	OK	 
RudazSimulation	6364405405386259656-0	REQUEST		mapserv_GetLegendGraphic	1437724465753	1437724465753	1437724465798	1437724465798	OK	 
RudazSimulation	6364405405386259656-0	REQUEST		mapserv_GetLegendGraphic	1437724465801	1437724465801	1437724465832	1437724465832	OK	 
RudazSimulation	6364405405386259656-0	REQUEST		mapserv_GetLegendGraphic	1437724465835	1437724465835	1437724465885	1437724465885	OK	 
RudazSimulation	6364405405386259656-0	REQUEST		mapserv_GetLegendGraphic	1437724465889	1437724465889	1437724465937	1437724465937	OK	 
RudazSimulation	6364405405386259656-0	REQUEST		mapserv_GetMap	1437724471934	1437724471935	1437724471970	1437724471971	OK	 
RudazSimulation	6364405405386259656-0	REQUEST		mapserv_GetMap	1437724471973	1437724471973	1437724472086	1437724472086	OK	 
RudazSimulation	6364405405386259656-0	REQUEST		mapserv_GetLegendGraphic	1437724473083	1437724473084	1437724473116	1437724473116	OK	 
RudazSimulation	6364405405386259656-0	REQUEST		mapserv_GetLegendGraphic	1437724473118	1437724473118	1437724473153	1437724473153	OK	 
RudazSimulation	6364405405386259656-0	REQUEST		short	1437724483163	1437724483163	1437724483198	1437724483198	OK	 
RudazSimulation	6364405405386259656-0	REQUEST		mapserv_GetMap	1437724484193	1437724484193	1437724484305	1437724484305	OK	 
RudazSimulation	6364405405386259656-0	REQUEST		mapserv_GetMap	1437724484309	1437724484309	1437724484402	1437724484402	OK	 
RudazSimulation	6364405405386259656-0	REQUEST		mapserv_GetMap	1437724487415	1437724487415	1437724487446	1437724487446	OK	 
RudazSimulation	6364405405386259656-0	REQUEST		fulltextsearch	1437724492442	1437724492442	1437724492459	1437724492459	OK	 
RudazSimulation	6364405405386259656-0	REQUEST		fulltextsearch	1437724493453	1437724493453	1437724493473	1437724493473	OK	 
RudazSimulation	6364405405386259656-0	REQUEST		fulltextsearch	1437724493477	1437724493477	1437724493493	1437724493493	OK	 
RudazSimulation	6364405405386259656-0	REQUEST		fulltextsearch	1437724494504	1437724494505	1437724494520	1437724494520	OK	 
RudazSimulation	6364405405386259656-0	REQUEST		mapserv_GetMap	1437724495515	1437724495515	1437724495633	1437724495633	OK	 
RudazSimulation	6364405405386259656-0	REQUEST		mapserv_GetMap	1437724496645	1437724496645	1437724496760	1437724496760	OK	 
RudazSimulation	6364405405386259656-0	REQUEST		mapserv_GetMap	1437724496762	1437724496762	1437724496870	1437724496870	OK	 
RudazSimulation	6364405405386259656-0	REQUEST		mapserv_GetLegendGraphic	1437724500865	1437724500865	1437724500904	1437724500904	OK	 
RudazSimulation	6364405405386259656-0	REQUEST		mapserv_GetLegendGraphic	1437724502914	1437724502914	1437724502947	1437724502947	OK	 
RudazSimulation	6364405405386259656-0	REQUEST		mapserv_GetMap	1437724505954	1437724505954	1437724506071	1437724506071	OK	 
RudazSimulation	6364405405386259656-0	REQUEST		mapserv_GetLegendGraphic	1437724507072	1437724507073	1437724507104	1437724507104	OK	 
RudazSimulation	6364405405386259656-0	REQUEST		mapserv_GetLegendGraphic	1437724507106	1437724507106	1437724507135	1437724507135	OK	 
RudazSimulation	6364405405386259656-0	REQUEST		mapserv_GetLegendGraphic	1437724507138	1437724507138	1437724507167	1437724507167	OK	 
RudazSimulation	6364405405386259656-0	REQUEST		mapserv_GetMap	1437724513165	1437724513166	1437724513276	1437724513276	OK	 
RudazSimulation	6364405405386259656-0	REQUEST		mapserv_GetMap	1437724513280	1437724513281	1437724513391	1437724513391	OK	 
RudazSimulation	6364405405386259656-0	REQUEST		mapserv_GetLegendGraphic	1437724514384	1437724514384	1437724514420	1437724514420	OK	 
RudazSimulation	6364405405386259656-0	REQUEST		mapserv_GetLegendGraphic	1437724514424	1437724514424	1437724514455	1437724514455	OK	 
RudazSimulation	6364405405386259656-0	REQUEST		short	1437724524463	1437724524463	1437724524493	1437724524493	OK	 
RudazSimulation	6364405405386259656-0	REQUEST		mapserv_GetMap	1437724525505	1437724525505	1437724525623	1437724525623	OK	 
RudazSimulation	6364405405386259656-0	REQUEST		mapserv_GetMap	1437724525627	1437724525627	1437724525736	1437724525736	OK	 
RudazSimulation	6364405405386259656-0	REQUEST		mapserv_GetMap	1437724528734	1437724528735	1437724528767	1437724528767	OK	 
RudazSimulation	6364405405386259656-0	REQUEST		fulltextsearch	1437724533763	1437724533763	1437724533809	1437724533809	OK	 
RudazSimulation	6364405405386259656-0	REQUEST		fulltextsearch	1437724534814	1437724534814	1437724534860	1437724534860	OK	 
RudazSimulation	6364405405386259656-0	REQUEST		fulltextsearch	1437724534863	1437724534865	1437724534898	1437724534898	OK	 
RudazSimulation	6364405405386259656-0	REQUEST		fulltextsearch	1437724535894	1437724535894	1437724535909	1437724535910	OK	 
RudazSimulation	6364405405386259656-0	REQUEST		mapserv_GetMap	1437724536915	1437724536916	1437724537066	1437724537066	OK	 
RudazSimulation	6364405405386259656-0	REQUEST		mapserv_GetMap	1437724538074	1437724538074	1437724538191	1437724538191	OK	 
RudazSimulation	6364405405386259656-0	REQUEST		mapserv_GetMap	1437724538192	1437724538193	1437724538306	1437724538306	OK	 
RudazSimulation	6364405405386259656-0	REQUEST		mapserv_GetLegendGraphic	1437724542304	1437724542305	1437724542343	1437724542344	OK	 
RudazSimulation	6364405405386259656-0	REQUEST		mapserv_GetLegendGraphic	1437724542346	1437724542346	1437724542375	1437724542375	OK	 
RudazSimulation	6364405405386259656-0	REQUEST		mapserv_GetMap	1437724547384	1437724547384	1437724547488	1437724547488	OK	 
RudazSimulation	6364405405386259656-0	REQUEST		mapserv_GetLegendGraphic	1437724548493	1437724548493	1437724548542	1437724548542	OK	 
RudazSimulation	6364405405386259656-0	REQUEST		mapserv_GetLegendGraphic	1437724548548	1437724548548	1437724548580	1437724548580	OK	 
RudazSimulation	6364405405386259656-0	REQUEST		mapserv_GetMap	1437724554583	1437724554584	1437724554691	1437724554691	OK	 
RudazSimulation	6364405405386259656-0	REQUEST		mapserv_GetMap	1437724554695	1437724554696	1437724554810	1437724554810	OK	 
RudazSimulation	6364405405386259656-0	REQUEST		mapserv_GetLegendGraphic	1437724555806	1437724555806	1437724555836	1437724555836	OK	 
RudazSimulation	6364405405386259656-0	REQUEST		mapserv_GetLegendGraphic	1437724555840	1437724555841	1437724555869	1437724555869	OK	 
RudazSimulation	6364405405386259656-0	REQUEST		short	1437724565873	1437724565873	1437724565910	1437724565910	OK	 
RudazSimulation	6364405405386259656-0	USER	END	1437723746663	1437724566914
